2023-11-11 19:07:09 [INFO] Starting minecraft server version 1.5.2
2023-11-11 19:07:09 [WARNING] To start the server with more ram, launch it as "java -Xmx1024M -Xms1024M -jar minecraft_server.jar"
2023-11-11 19:07:09 [INFO] Loading properties
2023-11-11 19:07:09 [INFO] Default game type: SURVIVAL
2023-11-11 19:07:09 [INFO] Generating keypair
2023-11-11 19:07:11 [INFO] Starting Minecraft server on 127.0.0.1:25569
2023-11-11 19:07:14 [INFO] This server is running CraftBukkit version git-Bukkit-1.5.2-R1.0-b2788jnks (MC: 1.5.2) (Implementing API version 1.5.2-R1.0)
2023-11-11 19:07:16 [WARNING] Failed to load operators list: java.io.FileNotFoundException: .\ops.txt (O sistema não pode encontrar o arquivo especificado)
2023-11-11 19:07:16 [WARNING] Failed to load white-list: java.io.FileNotFoundException: .\white-list.txt (O sistema não pode encontrar o arquivo especificado)
2023-11-11 19:07:16 [WARNING] **** SERVER IS RUNNING IN OFFLINE/INSECURE MODE!
2023-11-11 19:07:16 [WARNING] The server will make no attempt to authenticate usernames. Beware.
2023-11-11 19:07:16 [WARNING] While this makes the game possible to play without internet access, it also opens up the ability for hackers to connect with any username they choose.
2023-11-11 19:07:16 [WARNING] To change this, set "online-mode" to "true" in the server.properties file.
2023-11-11 19:07:16 [INFO] Preparing level "world"
2023-11-11 19:07:17 [SEVERE] Exception in thread "Thread-6" 
2023-11-11 19:07:17 [SEVERE] org.bukkit.craftbukkit.libs.com.google.gson.JsonSyntaxException: java.lang.IllegalStateException: Expected BEGIN_OBJECT but was STRING at line 1 column 7
2023-11-11 19:07:17 [SEVERE] 	at org.bukkit.craftbukkit.libs.com.google.gson.internal.bind.ReflectiveTypeAdapterFactory$Adapter.read(ReflectiveTypeAdapterFactory.java:180)
2023-11-11 19:07:17 [SEVERE] 	at org.bukkit.craftbukkit.libs.com.google.gson.Gson.fromJson(Gson.java:755)
2023-11-11 19:07:17 [SEVERE] 	at org.bukkit.craftbukkit.libs.com.google.gson.Gson.fromJson(Gson.java:694)
2023-11-11 19:07:17 [SEVERE] 	at org.bukkit.craftbukkit.v1_5_R3.updater.BukkitDLUpdaterService.fetchArtifact(BukkitDLUpdaterService.java:51)
2023-11-11 19:07:17 [SEVERE] 	at org.bukkit.craftbukkit.v1_5_R3.updater.BukkitDLUpdaterService.getArtifact(BukkitDLUpdaterService.java:28)
2023-11-11 19:07:17 [SEVERE] 	at org.bukkit.craftbukkit.v1_5_R3.updater.AutoUpdater$1.run(AutoUpdater.java:77)
2023-11-11 19:07:17 [SEVERE] Caused by: java.lang.IllegalStateException: Expected BEGIN_OBJECT but was STRING at line 1 column 7
2023-11-11 19:07:17 [SEVERE] 	at org.bukkit.craftbukkit.libs.com.google.gson.stream.JsonReader.expect(JsonReader.java:339)
2023-11-11 19:07:17 [SEVERE] 	at org.bukkit.craftbukkit.libs.com.google.gson.stream.JsonReader.beginObject(JsonReader.java:322)
2023-11-11 19:07:17 [SEVERE] 	at org.bukkit.craftbukkit.libs.com.google.gson.internal.bind.ReflectiveTypeAdapterFactory$Adapter.read(ReflectiveTypeAdapterFactory.java:168)
2023-11-11 19:07:17 [SEVERE] 	... 5 more
2023-11-11 19:07:19 [INFO] Preparing start region for level 0 (Seed: -1856703830341547106)
2023-11-11 19:07:21 [INFO] Preparing spawn area: 4%
2023-11-11 19:07:22 [INFO] Preparing spawn area: 8%
2023-11-11 19:07:23 [INFO] Preparing spawn area: 12%
2023-11-11 19:07:24 [INFO] Preparing spawn area: 24%
2023-11-11 19:07:25 [INFO] Preparing spawn area: 37%
2023-11-11 19:07:26 [INFO] Preparing spawn area: 54%
2023-11-11 19:07:27 [INFO] Preparing spawn area: 70%
2023-11-11 19:07:28 [INFO] Preparing spawn area: 87%
2023-11-11 19:07:28 [INFO] Preparing start region for level 1 (Seed: -1856703830341547106)
2023-11-11 19:07:29 [INFO] Preparing spawn area: 0%
2023-11-11 19:07:30 [INFO] Preparing spawn area: 12%
2023-11-11 19:07:31 [INFO] Preparing spawn area: 33%
2023-11-11 19:07:32 [INFO] Preparing spawn area: 49%
2023-11-11 19:07:33 [INFO] Preparing spawn area: 74%
2023-11-11 19:07:34 [INFO] Preparing spawn area: 99%
2023-11-11 19:07:34 [INFO] Preparing start region for level 2 (Seed: -1856703830341547106)
2023-11-11 19:07:35 [INFO] Preparing spawn area: 20%
2023-11-11 19:07:36 [INFO] Preparing spawn area: 49%
2023-11-11 19:07:37 [INFO] Preparing spawn area: 78%
2023-11-11 19:07:37 [INFO] Server permissions file permissions.yml is empty, ignoring it
2023-11-11 19:07:38 [INFO] Done (21,512s)! For help, type "help" or "?"
2023-11-11 19:07:41 [WARNING] Can't keep up! Did the system time change, or is the server overloaded?
2023-11-11 19:08:58 [INFO] Unknown command. Type "help" for help.[m
2023-11-11 19:09:00 [INFO] Unknown command. Type "help" for help.[m
2023-11-11 19:09:04 [INFO] [0;33;1m--------- [0;37;1mHelp: Index [0;33;1m---------------------------[m
2023-11-11 19:09:04 [INFO] [0;37;22mUse /help [n] to get page n of help.[m
2023-11-11 19:09:04 [INFO] [0;33;22mAliases: [0;37;1mLists command aliases[m
2023-11-11 19:09:04 [INFO] [0;33;22mBukkit: [0;37;1mAll commands for Bukkit[m
2023-11-11 19:09:04 [INFO] [0;33;22m/ban: [0;37;1mPrevents the specified player from using this server[m
2023-11-11 19:09:04 [INFO] [0;33;22m/ban-ip: [0;37;1mPrevents the specified IP address from using this server[m
2023-11-11 19:09:04 [INFO] [0;33;22m/banlist: [0;37;1mView all players banned from this server[m
2023-11-11 19:09:04 [INFO] [0;33;22m/clear: [0;37;1mClears the player's inventory. Can specify item and data filters too.[m
2023-11-11 19:09:04 [INFO] [0;33;22m/defaultgamemode: [0;37;1mSet the default gamemode[m
2023-11-11 19:09:04 [INFO] [0;33;22m/deop: [0;37;1mTakes the specified player's operator status[m
2023-11-11 19:09:04 [INFO] [0;33;22m/difficulty: [0;37;1mSets the game difficulty[m
2023-11-11 19:09:04 [INFO] [0;33;22m/effect: [0;37;1mAdds/Removes effects on players[m
2023-11-11 19:09:04 [INFO] [0;33;22m/enchant: [0;37;1mAdds enchantments to the item the player is currently holding. Specify 0 for the level to remove an enchantment. Specify force to ignore normal enchantment restrictions[m
2023-11-11 19:09:04 [INFO] [0;33;22m/gamemode: [0;37;1mChanges the player to a specific game mode[m
2023-11-11 19:09:04 [INFO] [0;33;22m/gamerule: [0;37;1mSets a server's game rules[m
2023-11-11 19:09:04 [INFO] [0;33;22m/give: [0;37;1mGives the specified player a certain amount of items[m
2023-11-11 19:09:04 [INFO] [0;33;22m/help: [0;37;1mShows the help menu[m
2023-11-11 19:09:04 [INFO] [0;33;22m/kick: [0;37;1mRemoves the specified player from the server[m
2023-11-11 19:09:04 [INFO] [0;33;22m/kill: [0;37;1mCommits suicide, only usable as a player[m
2023-11-11 19:09:04 [INFO] [0;33;22m/list: [0;37;1mLists all online players[m
2023-11-11 19:09:04 [INFO] [0;33;22m/me: [0;37;1mPerforms the specified action in chat[m
2023-11-11 19:09:04 [INFO] [0;33;22m/op: [0;37;1mGives the specified player operator status[m
2023-11-11 19:09:04 [INFO] [0;33;22m/pardon: [0;37;1mAllows the specified player to use this server[m
2023-11-11 19:09:04 [INFO] [0;33;22m/pardon-ip: [0;37;1mAllows the specified IP address to use this server[m
2023-11-11 19:09:04 [INFO] [0;33;22m/plugins: [0;37;1mGets a list of plugins running on the server[m
2023-11-11 19:09:04 [INFO] [0;33;22m/reload: [0;37;1mReloads the server configuration and plugins[m
2023-11-11 19:09:04 [INFO] [0;33;22m/save-all: [0;37;1mSaves the server to disk[m
2023-11-11 19:09:04 [INFO] [0;33;22m/save-off: [0;37;1mDisables server autosaving[m
2023-11-11 19:09:04 [INFO] [0;33;22m/save-on: [0;37;1mEnables server autosaving[m
2023-11-11 19:09:04 [INFO] [0;33;22m/say: [0;37;1mBroadcasts the given message as the console[m
2023-11-11 19:09:04 [INFO] [0;33;22m/scoreboard: [0;37;1mScoreboard control[m
2023-11-11 19:09:04 [INFO] [0;33;22m/seed: [0;37;1mShows the world seed[m
2023-11-11 19:09:04 [INFO] [0;33;22m/spawnpoint: [0;37;1mSets a player's spawn point[m
2023-11-11 19:09:04 [INFO] [0;33;22m/stop: [0;37;1mStops the server with optional reason[m
2023-11-11 19:09:04 [INFO] [0;33;22m/tell: [0;37;1mSends a private message to the given player[m
2023-11-11 19:09:04 [INFO] [0;33;22m/testfor: [0;37;1mTests whether a specifed player is online[m
2023-11-11 19:09:04 [INFO] [0;33;22m/time: [0;37;1mChanges the time on each world[m
2023-11-11 19:09:04 [INFO] [0;33;22m/timings: [0;37;1mRecords timings for all plugin events[m
2023-11-11 19:09:04 [INFO] [0;33;22m/toggledownfall: [0;37;1mToggles rain on/off on a given world[m
2023-11-11 19:09:04 [INFO] [0;33;22m/tp: [0;37;1mTeleports the given player (or yourself) to another player or coordinates[m
2023-11-11 19:09:04 [INFO] [0;33;22m/version: [0;37;1mGets the version of this server including any plugins in use[m
2023-11-11 19:09:04 [INFO] [0;33;22m/weather: [0;37;1mChanges the weather[m
2023-11-11 19:09:04 [INFO] [0;33;22m/whitelist: [0;37;1mManages the list of players allowed to use this server[m
2023-11-11 19:09:04 [INFO] [0;33;22m/xp: [0;37;1mGives the specified player a certain amount of experience. Specify <amount>L to give levels instead, with a negative amount resulting in taking levels.[m
2023-11-11 19:09:13 [INFO] Unknown command. Type "help" for help.[m
2023-11-11 19:09:17 [INFO] CONSOLE: Stopping the server..[m
2023-11-11 19:09:17 [INFO] Stopping server
2023-11-11 19:09:17 [INFO] Saving players
2023-11-11 19:09:17 [WARNING] DSCT: socket closed
2023-11-11 19:09:17 [INFO] Saving worlds
2023-11-11 19:09:17 [INFO] Closing listening thread
2023-11-11 19:09:17 [INFO] Saving chunks for level 'world'/Overworld
2023-11-11 19:09:18 [INFO] Saving chunks for level 'world_nether'/Nether
2023-11-11 19:09:18 [INFO] Saving chunks for level 'world_the_end'/The End
2023-11-11 19:09:18 [INFO] Stopping server
